<?xml version="1.0" encoding="UTF-8"?>
<testsuite xmlns:xsi="http://www.w3.org/2001/XMLSchema-instance" xsi:noNamespaceSchemaLocation="https://maven.apache.org/surefire/maven-surefire-plugin/xsd/surefire-test-report-3.0.xsd" version="3.0" name="com.QuantityMeasurementAppTest" time="7.895" tests="87" errors="0" skipped="0" failures="0">
  <properties>
[...]
</properties>
  <testcase name="testConversion_LitreToMillilitre" classname="com.QuantityMeasurementAppTest" time="0.546">
    <system-out><![CDATA[
  .   ____          _            __ _ _
 /\\ / ___'_ __ _ _(_)_ __  __ _ \ \ \ \
( ( )\___ | '_ | '_| | '_ \/ _` | \ \ \ \
 \\/  ___)| |_)| | | | | || (_| |  ) ) ) )
  '  |____| .__|_| |_|_| |_\__, | / / / /
 =========|_|==============|___/=/_/_/_/

 :: Spring Boot ::                (v3.3.1)

2026-03-31T12:00:26.588+05:30  INFO 20952 --- [           main] com.QuantityMeasurementAppTest           : Starting QuantityMeasurementAppTest using Java 21.0.5 with PID 20952 (started by hp' in D:\QuantityMeasurementApp)
2026-03-31T12:00:26.592+05:30  INFO 20952 --- [           main] com.QuantityMeasurementAppTest           : No active profile set, falling back to 1 default profile: "default"
2026-03-31T12:00:27.720+05:30  INFO 20952 --- [           main] .s.d.r.c.RepositoryConfigurationDelegate : Bootstrapping Spring Data JPA repositories in DEFAULT mode.
2026-03-31T12:00:27.814+05:30  INFO 20952 --- [           main] .s.d.r.c.RepositoryConfigurationDelegate : Finished Spring Data repository scanning in 77 ms. Found 2 JPA repository interfaces.
2026-03-31T12:00:28.495+05:30  INFO 20952 --- [           main] o.hibernate.jpa.internal.util.LogHelper  : HHH000204: Processing PersistenceUnitInfo [name: default]
2026-03-31T12:00:28.585+05:30  INFO 20952 --- [           main] org.hibernate.Version                    : HHH000412: Hibernate ORM core version 6.5.2.Final
2026-03-31T12:00:28.664+05:30  INFO 20952 --- [           main] o.h.c.internal.RegionFactoryInitiator    : HHH000026: Second-level cache disabled
2026-03-31T12:00:29.104+05:30  INFO 20952 --- [           main] o.s.o.j.p.SpringPersistenceUnitInfo      : No LoadTimeWeaver setup: ignoring JPA class transformer
2026-03-31T12:00:29.141+05:30  INFO 20952 --- [           main] com.zaxxer.hikari.HikariDataSource       : HikariPool-1 - Starting...
2026-03-31T12:00:29.365+05:30  INFO 20952 --- [           main] com.zaxxer.hikari.pool.HikariPool        : HikariPool-1 - Added connection conn0: url=jdbc:h2:mem:quantitydb user=SA
2026-03-31T12:00:29.367+05:30  INFO 20952 --- [           main] com.zaxxer.hikari.HikariDataSource       : HikariPool-1 - Start completed.
2026-03-31T12:00:29.405+05:30  WARN 20952 --- [           main] org.hibernate.orm.deprecation            : HHH90000025: H2Dialect does not need to be specified explicitly using 'hibernate.dialect' (remove the property setting and it will be selected by default)
2026-03-31T12:00:30.283+05:30  INFO 20952 --- [           main] o.h.e.t.j.p.i.JtaPlatformInitiator       : HHH000489: No JTA platform available (set 'hibernate.transaction.jta.platform' to enable JTA platform integration)
Hibernate: create table quantity_measurement (id bigint generated by default as identity, error varchar(255), operand1 varchar(255), operand2 varchar(255), operation varchar(255), result varchar(255), user_id bigint, primary key (id))
Hibernate: create table users (id bigint generated by default as identity, email varchar(255) not null, name varchar(255), password varchar(255), provider varchar(255), primary key (id))
Hibernate: alter table if exists users drop constraint if exists UK6dotkott2kjsp8vw4d0m25fb7
Hibernate: alter table if exists users add constraint UK6dotkott2kjsp8vw4d0m25fb7 unique (email)
Hibernate: alter table if exists quantity_measurement add constraint FK3upkw9s7ynhjj83fnwx2y7u5c foreign key (user_id) references users
2026-03-31T12:00:30.334+05:30  INFO 20952 --- [           main] j.LocalContainerEntityManagerFactoryBean : Initialized JPA EntityManagerFactory for persistence unit 'default'
2026-03-31T12:00:30.939+05:30  WARN 20952 --- [           main] JpaBaseConfiguration$JpaWebConfiguration : spring.jpa.open-in-view is enabled by default. Therefore, database queries may be performed during view rendering. Explicitly configure spring.jpa.open-in-view to disable this warning
2026-03-31T12:00:32.048+05:30  INFO 20952 --- [           main] o.s.b.a.h2.H2ConsoleAutoConfiguration    : H2 console available at '/h2-console'. Database available at 'jdbc:h2:mem:quantitydb'
2026-03-31T12:00:32.222+05:30  INFO 20952 --- [           main] com.QuantityMeasurementAppTest           : Started QuantityMeasurementAppTest in 6.019 seconds (process running for 7.255)
----- UC1–UC16 Demonstration -----
1 ft == 12 inches → true
1 yard == 3 feet → true
1 cm == 0.393701 inch → true

--- Conversion ---
1 ft to inches → Quantity(12.0, INCHES)
3 yards to feet → Quantity(9.0, FEET)

--- Addition ---
1 ft + 12 inches → Quantity(2.0, FEET)

--- Subtraction ---
10 ft - 6 inches → Quantity(9.5, FEET)

--- Division ---
10 ft / 2 ft → 5.0

--- Weight ---
1 kg == 1000 g → true

--- Volume ---
1 L == 1000 mL → true

--- Temperature ---
0 C to F → Quantity(32.0, FAHRENHEIT)

----- Demo Finished -----
]]></system-out>
    <system-err><![CDATA[WARNING: A Java agent has been loaded dynamically (C:\Users\hp'\.m2\repository\net\bytebuddy\byte-buddy-agent\1.14.17\byte-buddy-agent-1.14.17.jar)
WARNING: If a serviceability tool is in use, please run with -XX:+EnableDynamicAgentLoading to hide this warning
WARNING: If a serviceability tool is not in use, please run with -Djdk.instrument.traceUsage for more information
WARNING: Dynamic loading of agents will be disallowed by default in a future release
]]></system-err>
  </testcase>
  <testcase name="testAddition_TargetUnit_Commutative" classname="com.QuantityMeasurementAppTest" time="0.005"/>
  <testcase name="testConversion_PoundToKilogram" classname="com.QuantityMeasurementAppTest" time="0.003"/>
  <testcase name="testEquality_CentimetersToInches_EquivalentValue" classname="com.QuantityMeasurementAppTest" time="0.004"/>
  <testcase name="testCrossCategoryComparison_VolumeVsWeight" classname="com.QuantityMeasurementAppTest" time="0.005"/>
  <testcase name="testEquality_GallonToLitre_EquivalentValue" classname="com.QuantityMeasurementAppTest" time="0.003"/>
  <testcase name="testTemperatureEquality_CelsiusToFahrenheit" classname="com.QuantityMeasurementAppTest" time="0.007"/>
  <testcase name="testLength_FeetToInches_Equivalent" classname="com.QuantityMeasurementAppTest" time="0.003"/>
  <testcase name="testTemperature_Subtract_NotSupported" classname="com.QuantityMeasurementAppTest" time="0.005"/>
  <testcase name="testSubtraction_NullOperand" classname="com.QuantityMeasurementAppTest" time="0.004"/>
  <testcase name="testRepository_SaveMeasurement" classname="com.QuantityMeasurementAppTest" time="0.272">
    <system-out><![CDATA[Hibernate: select qme1_0.id,qme1_0.error,qme1_0.operand1,qme1_0.operand2,qme1_0.operation,qme1_0.result,qme1_0.user_id from quantity_measurement qme1_0
Hibernate: insert into quantity_measurement (error,operand1,operand2,operation,result,user_id,id) values (?,?,?,?,?,?,default)
Hibernate: select qme1_0.id,qme1_0.error,qme1_0.operand1,qme1_0.operand2,qme1_0.operation,qme1_0.result,qme1_0.user_id from quantity_measurement qme1_0
]]></system-out>
  </testcase>
  <testcase name="testLength_InvalidUnit" classname="com.QuantityMeasurementAppTest" time="0.013"/>
  <testcase name="testSubtraction_CrossUnit_FeetMinusInches" classname="com.QuantityMeasurementAppTest" time="0.006"/>
  <testcase name="testValidation_CrossCategory_Divide" classname="com.QuantityMeasurementAppTest" time="0.008"/>
  <testcase name="testTemperatureEquality_CelsiusToCelsius" classname="com.QuantityMeasurementAppTest" time="0.003"/>
  <testcase name="testConversion_ZeroValue" classname="com.QuantityMeasurementAppTest" time="0.004"/>
  <testcase name="testCrossCategoryComparison_LengthVsWeight" classname="com.QuantityMeasurementAppTest" time="0.003"/>
  <testcase name="testLength_SameUnit" classname="com.QuantityMeasurementAppTest" time="0.003"/>
  <testcase name="testConversion_GallonToLitre" classname="com.QuantityMeasurementAppTest" time="0.002"/>
  <testcase name="testAddition_SameUnit_LitrePlusLitre" classname="com.QuantityMeasurementAppTest" time="0.005"/>
  <testcase name="testTemperatureVsLength" classname="com.QuantityMeasurementAppTest" time="0.005"/>
  <testcase name="testEquality_KilogramToGram_EquivalentValue" classname="com.QuantityMeasurementAppTest" time="0.009"/>
  <testcase name="testEquality_YardToInches_EquivalentValue" classname="com.QuantityMeasurementAppTest" time="0.004"/>
  <testcase name="testEquality_LitreToLitre_SameValue" classname="com.QuantityMeasurementAppTest" time="0.005"/>
  <testcase name="testTemperatureEquality_Negative40Point" classname="com.QuantityMeasurementAppTest" time="0.003"/>
  <testcase name="testLength_DifferentValue" classname="com.QuantityMeasurementAppTest" time="0.007"/>
  <testcase name="testTemperatureVsVolume" classname="com.QuantityMeasurementAppTest" time="0.002"/>
  <testcase name="testTemperatureConversion_FahrenheitToCelsius" classname="com.QuantityMeasurementAppTest" time="0.004"/>
  <testcase name="testTemperatureVsWeight" classname="com.QuantityMeasurementAppTest" time="0.004"/>
  <testcase name="testEquality_YardToFeet_EquivalentValue" classname="com.QuantityMeasurementAppTest" time="0.002"/>
  <testcase name="testValidation_CrossCategory_Subtract" classname="com.QuantityMeasurementAppTest" time="0.002"/>
  <testcase name="testDivision_SameUnit" classname="com.QuantityMeasurementAppTest" time="0.002"/>
  <testcase name="testAddition_CrossUnit_FeetPlusInches" classname="com.QuantityMeasurementAppTest" time="0.002"/>
  <testcase name="testArithmeticOperation_Subtract_Computation" classname="com.QuantityMeasurementAppTest" time="0.001"/>
  <testcase name="testDivision_ByZero" classname="com.QuantityMeasurementAppTest" time="0.003"/>
  <testcase name="testValidation_NullOperand_Divide" classname="com.QuantityMeasurementAppTest" time="0.003"/>
  <testcase name="testAddition_TargetUnit_Yards" classname="com.QuantityMeasurementAppTest" time="0.002"/>
  <testcase name="testEquality_KilogramToKilogram_SameValue" classname="com.QuantityMeasurementAppTest" time="0.002"/>
  <testcase name="testAddition_Commutativity" classname="com.QuantityMeasurementAppTest" time="0.005"/>
  <testcase name="testTemperatureConversion_CelsiusToFahrenheit" classname="com.QuantityMeasurementAppTest" time="0.002"/>
  <testcase name="testTemperatureEquality_CelsiusToKelvin" classname="com.QuantityMeasurementAppTest" time="0.001"/>
  <testcase name="testArithmeticOperation_Divide_Computation" classname="com.QuantityMeasurementAppTest" time="0.002"/>
  <testcase name="testAddition_SameUnit_KilogramPlusKilogram" classname="com.QuantityMeasurementAppTest" time="0.004"/>
  <testcase name="testConversion_YardsToFeet" classname="com.QuantityMeasurementAppTest" time="0.003"/>
  <testcase name="testConversion_KilogramToGram" classname="com.QuantityMeasurementAppTest" time="0.002"/>
  <testcase name="testAddition_CrossUnit_LitrePlusMillilitre" classname="com.QuantityMeasurementAppTest" time="0.003"/>
  <testcase name="testRepository_SaveErrorMeasurement" classname="com.QuantityMeasurementAppTest" time="0.025">
    <system-out><![CDATA[Hibernate: select qme1_0.id,qme1_0.error,qme1_0.operand1,qme1_0.operand2,qme1_0.operation,qme1_0.result,qme1_0.user_id from quantity_measurement qme1_0
Hibernate: delete from quantity_measurement where id=?
Hibernate: insert into quantity_measurement (error,operand1,operand2,operation,result,user_id,id) values (?,?,?,?,?,?,default)
Hibernate: select qme1_0.id,qme1_0.error,qme1_0.operand1,qme1_0.operand2,qme1_0.operation,qme1_0.result,qme1_0.user_id from quantity_measurement qme1_0
]]></system-out>
  </testcase>
  <testcase name="testSubtraction_ResultZero" classname="com.QuantityMeasurementAppTest" time="0.002"/>
  <testcase name="testEquality_YardToYard_SameValue" classname="com.QuantityMeasurementAppTest" time="0.002"/>
  <testcase name="testService_IntegrationWithRepository" classname="com.QuantityMeasurementAppTest" time="0.01">
    <system-out><![CDATA[Hibernate: select qme1_0.id,qme1_0.error,qme1_0.operand1,qme1_0.operand2,qme1_0.operation,qme1_0.result,qme1_0.user_id from quantity_measurement qme1_0
Hibernate: delete from quantity_measurement where id=?
Hibernate: insert into quantity_measurement (error,operand1,operand2,operation,result,user_id,id) values (?,?,?,?,?,?,default)
Hibernate: select qme1_0.id,qme1_0.error,qme1_0.operand1,qme1_0.operand2,qme1_0.operation,qme1_0.result,qme1_0.user_id from quantity_measurement qme1_0
]]></system-out>
  </testcase>
  <testcase name="testValidation_NullOperand_Subtract" classname="com.QuantityMeasurementAppTest" time="0.004"/>
  <testcase name="testConversion_FeetToInches" classname="com.QuantityMeasurementAppTest" time="0.001"/>
  <testcase name="testEquality_MultiUnit_TransitiveProperty" classname="com.QuantityMeasurementAppTest" time="0.001"/>
  <testcase name="testDivision_NullOperand" classname="com.QuantityMeasurementAppTest" time="0.001"/>
  <testcase name="testTemperatureConversion_CelsiusToKelvin" classname="com.QuantityMeasurementAppTest" time="0.002"/>
  <testcase name="testRepository_DeleteAllMeasurements" classname="com.QuantityMeasurementAppTest" time="0.01">
    <system-out><![CDATA[Hibernate: insert into quantity_measurement (error,operand1,operand2,operation,result,user_id,id) values (?,?,?,?,?,?,default)
Hibernate: select qme1_0.id,qme1_0.error,qme1_0.operand1,qme1_0.operand2,qme1_0.operation,qme1_0.result,qme1_0.user_id from quantity_measurement qme1_0
Hibernate: delete from quantity_measurement where id=?
Hibernate: delete from quantity_measurement where id=?
Hibernate: select qme1_0.id,qme1_0.error,qme1_0.operand1,qme1_0.operand2,qme1_0.operation,qme1_0.result,qme1_0.user_id from quantity_measurement qme1_0
]]></system-out>
  </testcase>
  <testcase name="testAddition_SameUnit" classname="com.QuantityMeasurementAppTest" time="0.002"/>
  <testcase name="testAddition_CrossUnit_KilogramPlusGram" classname="com.QuantityMeasurementAppTest" time="0.003"/>
  <testcase name="testTemperature_Divide_NotSupported" classname="com.QuantityMeasurementAppTest" time="0.003"/>
  <testcase name="testAddition_TargetUnit_Feet" classname="com.QuantityMeasurementAppTest" time="0.002"/>
  <testcase name="testAddition_TargetUnit_Null" classname="com.QuantityMeasurementAppTest" time="0.003"/>
  <testcase name="testAddition_TargetUnit_Millilitre" classname="com.QuantityMeasurementAppTest" time="0.004"/>
  <testcase name="testEquality_NullComparison" classname="com.QuantityMeasurementAppTest" time="0.003"/>
  <testcase name="testEquality_LitreToMillilitre_EquivalentValue" classname="com.QuantityMeasurementAppTest" time="0.003"/>
  <testcase name="testImmutability_AfterSubtraction" classname="com.QuantityMeasurementAppTest" time="0.003"/>
  <testcase name="testRepository_FindAllMeasurements" classname="com.QuantityMeasurementAppTest" time="0.01">
    <system-out><![CDATA[Hibernate: select qme1_0.id,qme1_0.error,qme1_0.operand1,qme1_0.operand2,qme1_0.operation,qme1_0.result,qme1_0.user_id from quantity_measurement qme1_0
Hibernate: insert into quantity_measurement (error,operand1,operand2,operation,result,user_id,id) values (?,?,?,?,?,?,default)
Hibernate: insert into quantity_measurement (error,operand1,operand2,operation,result,user_id,id) values (?,?,?,?,?,?,default)
Hibernate: select qme1_0.id,qme1_0.error,qme1_0.operand1,qme1_0.operand2,qme1_0.operation,qme1_0.result,qme1_0.user_id from quantity_measurement qme1_0
]]></system-out>
  </testcase>
  <testcase name="testAddition_ExplicitTargetUnit" classname="com.QuantityMeasurementAppTest" time="0.003"/>
  <testcase name="testImmutability_AfterAddition" classname="com.QuantityMeasurementAppTest" time="0.003"/>
  <testcase name="testValidation_CrossCategory_Add" classname="com.QuantityMeasurementAppTest" time="0.002"/>
  <testcase name="testValidation_NullOperand_Add" classname="com.QuantityMeasurementAppTest" time="0.003"/>
  <testcase name="testConversion_InvalidInput" classname="com.QuantityMeasurementAppTest" time="0.002"/>
  <testcase name="testDivision_CrossUnit" classname="com.QuantityMeasurementAppTest" time="0.002"/>
  <testcase name="testTemperatureConversion_SameUnit" classname="com.QuantityMeasurementAppTest" time="0.002"/>
  <testcase name="testConversion_SameUnit" classname="com.QuantityMeasurementAppTest" time="0.002"/>
  <testcase name="testDivide_ByZero_Exception" classname="com.QuantityMeasurementAppTest" time="0.003"/>
  <testcase name="testSubtraction_SameUnit_Feet" classname="com.QuantityMeasurementAppTest" time="0.001"/>
  <testcase name="testRepository_MultipleOperationsStored" classname="com.QuantityMeasurementAppTest" time="0.019">
    <system-out><![CDATA[Hibernate: select qme1_0.id,qme1_0.error,qme1_0.operand1,qme1_0.operand2,qme1_0.operation,qme1_0.result,qme1_0.user_id from quantity_measurement qme1_0
Hibernate: delete from quantity_measurement where id=?
Hibernate: delete from quantity_measurement where id=?
Hibernate: insert into quantity_measurement (error,operand1,operand2,operation,result,user_id,id) values (?,?,?,?,?,?,default)
Hibernate: insert into quantity_measurement (error,operand1,operand2,operation,result,user_id,id) values (?,?,?,?,?,?,default)
Hibernate: insert into quantity_measurement (error,operand1,operand2,operation,result,user_id,id) values (?,?,?,?,?,?,default)
Hibernate: select qme1_0.id,qme1_0.error,qme1_0.operand1,qme1_0.operand2,qme1_0.operation,qme1_0.result,qme1_0.user_id from quantity_measurement qme1_0
]]></system-out>
  </testcase>
  <testcase name="testTemperatureConversion_KelvinToCelsius" classname="com.QuantityMeasurementAppTest" time="0.004"/>
  <testcase name="testConversion_CentimetersToInches" classname="com.QuantityMeasurementAppTest" time="0.003"/>
  <testcase name="testAddition_NullOperand" classname="com.QuantityMeasurementAppTest" time="0.003"/>
  <testcase name="testAddition_TargetUnit_Inches" classname="com.QuantityMeasurementAppTest" time="0.003"/>
  <testcase name="testEquality_KilogramToPound_EquivalentValue" classname="com.QuantityMeasurementAppTest" time="0.005"/>
  <testcase name="testAddition_WithZero" classname="com.QuantityMeasurementAppTest" time="0.003"/>
  <testcase name="testCrossCategoryComparison_VolumeVsLength" classname="com.QuantityMeasurementAppTest" time="0.003"/>
  <testcase name="testAllOperations_AcrossCategories" classname="com.QuantityMeasurementAppTest" time="0.004"/>
  <testcase name="testArithmeticOperation_Add_Computation" classname="com.QuantityMeasurementAppTest" time="0.003"/>
  <testcase name="testTemperature_Add_NotSupported" classname="com.QuantityMeasurementAppTest" time="0.002"/>
</testsuite>